Arguments: 
  C:\Program Files\nodejs\node.exe C:\Program Files (x86)\Yarn\bin\yarn.js add @material-ui/icons-material

PATH: 
  C:\Users\marcr\anaconda33\condabin;C:\Code\cmder\vendor\conemu-maximus5\ConEmu\Scripts;C:\Program Files\Common Files\Oracle\Java\javapath;C:\Program Files (x86)\Intel\Intel(R) Management Engine Components\iCLS\;C:\Program Files\Intel\Intel(R) Management Engine Components\iCLS\;C:\WINDOWS\system32;C:\WINDOWS;C:\WINDOWS\System32\Wbem;C:\WINDOWS\System32\WindowsPowerShell\v1.0\;C:\WINDOWS\System32\OpenSSH\;C:\Program Files (x86)\Intel\Intel(R) Management Engine Components\DAL;C:\Program Files\Intel\Intel(R) Management Engine Components\DAL;C:\Program Files (x86)\Intel\Intel(R) Management Engine Components\IPT;C:\Program Files\Intel\Intel(R) Management Engine Components\IPT;C:\Program Files\Intel\WiFi\bin\;C:\Program Files\Common Files\Intel\WirelessCommon\;C:\Program Files\Sublime Text 3;C:\Users\marcr\AppData\Local\Programs\Python\Python39\Scripts;C:\Program Files\Git\cmd;C:\Code\vcpkg;C:\Code\Cygwin\bin;C:\Program Files (x86)\mitmproxy\bin;C:\Users\marcr\AppData\Local\Packages\PythonSoftwareFoundation.Python.3.8_qbz5n2kfra8p0\LocalCache\local-packages\Python38\Scripts;C:\Program Files\MATLAB\R2020b\bin;C:\Users\marcr\AppData\Local\Packages\PythonSoftwareFoundation.Python.3.8_qbz5n2kfra8p0\LocalCache\local-packages\Python38\site-packages;C:\Users\marcr\AppData\Local\Programs\Webots\include\controller\cpp;C:\Users\marcr\AppData\Local\Microsoft\WindowsApps;C:\Program Files\mingw-w64\x86_64-8.1.0-posix-seh-rt_v6-rev0\mingw64\bin;C:\Program Files\PuTTY\;C:\Users\marcr\anaconda33;C:\Users\marcr\anaconda33\Scripts;C:\Users\marcr\anaconda33\condabin;C:\Program Files\swipl\bin;C:\Users\marcr\anaconda33;C:\Users\marcr\anaconda33\Library\mingw-w64\bin;C:\Users\marcr\anaconda33\Library\usr\bin;C:\Users\marcr\anaconda33\Library\bin;C:\Users\marcr\anaconda33\Scripts;C:\Users\marcr\AppData\Local\Programs\Webots\include\controller\cpp;C:\Code\cmder\vendor\bin;C:\Code\cmder\vendor\conemu-maximus5\ConEmu\Scripts;C:\Code\cmder\vendor\conemu-maximus5;C:\Code\cmder\vendor\conemu-maximus5\ConEmu;C:\Program Files\Common Files\Oracle\Java\javapath;C:\Program Files (x86)\Intel\Intel(R) Management Engine Components\iCLS\;C:\Program Files\Intel\Intel(R) Management Engine Components\iCLS\;C:\WINDOWS\system32;C:\WINDOWS;C:\WINDOWS\System32\Wbem;C:\WINDOWS\System32\WindowsPowerShell\v1.0\;C:\WINDOWS\System32\OpenSSH\;C:\Program Files (x86)\Intel\Intel(R) Management Engine Components\DAL;C:\Program Files\Intel\Intel(R) Management Engine Components\DAL;C:\Program Files (x86)\Intel\Intel(R) Management Engine Components\IPT;C:\Program Files\Intel\Intel(R) Management Engine Components\IPT;C:\Program Files\Intel\WiFi\bin\;C:\Program Files\Common Files\Intel\WirelessCommon\;C:\Program Files\nodejs\;C:\Program Files\Sublime Text 3;C:\Program Files (x86)\Yarn\bin\;C:\Users\marcr\AppData\Local\Pr;C:\Users\marcr\AppData\Local\Programs\Microsoft VS Code\bin;C:\Users\marcr\AppData\Local\Microsoft\WindowsApps;C:\Program Files\Git\mingw64\bin;C:\Program Files\Git\usr\bin;C:\Code\cmder

Yarn version: 
  1.22.5

Node version: 
  15.3.0

Platform: 
  win32 x64

Trace: 
  Error: https://registry.yarnpkg.com/@material-ui%2ficons-material: Not found
      at Request.params.callback [as _callback] (C:\Program Files (x86)\Yarn\lib\cli.js:66097:18)
      at Request.self.callback (C:\Program Files (x86)\Yarn\lib\cli.js:140749:22)
      at Request.emit (node:events:376:20)
      at Request.<anonymous> (C:\Program Files (x86)\Yarn\lib\cli.js:141721:10)
      at Request.emit (node:events:376:20)
      at IncomingMessage.<anonymous> (C:\Program Files (x86)\Yarn\lib\cli.js:141643:12)
      at Object.onceWrapper (node:events:482:28)
      at IncomingMessage.emit (node:events:388:22)
      at endReadableNT (node:internal/streams/readable:1294:12)
      at processTicksAndRejections (node:internal/process/task_queues:80:21)

npm manifest: 
  {
    "dependencies": {
      "@material-ui/icons": "^4.11.2",
      "react-button": "^1.2.1"
    }
  }

yarn manifest: 
  No manifest

Lockfile: 
  # THIS IS AN AUTOGENERATED FILE. DO NOT EDIT THIS FILE DIRECTLY.
  # yarn lockfile v1
  
  
  "@babel/runtime@^7.4.4":
    version "7.16.3"
    resolved "https://registry.yarnpkg.com/@babel/runtime/-/runtime-7.16.3.tgz#b86f0db02a04187a3c17caa77de69840165d42d5"
    integrity sha512-WBwekcqacdY2e9AF/Q7WLFUWmdJGJTkbjqTjoMDgXkVZ3ZRUvOPsLb5KdwISoQVsbP+DQzVZW4Zhci0DvpbNTQ==
    dependencies:
      regenerator-runtime "^0.13.4"
  
  "@material-ui/icons@^4.11.2":
    version "4.11.2"
    resolved "https://registry.yarnpkg.com/@material-ui/icons/-/icons-4.11.2.tgz#b3a7353266519cd743b6461ae9fdfcb1b25eb4c5"
    integrity sha512-fQNsKX2TxBmqIGJCSi3tGTO/gZ+eJgWmMJkgDiOfyNaunNaxcklJQFaFogYcFl0qFuaEz1qaXYXboa/bUXVSOQ==
    dependencies:
      "@babel/runtime" "^7.4.4"
  
  object-assign@^2.0.0:
    version "2.1.1"
    resolved "https://registry.yarnpkg.com/object-assign/-/object-assign-2.1.1.tgz#43c36e5d569ff8e4816c4efa8be02d26967c18aa"
    integrity sha1-Q8NuXVaf+OSBbE76i+AtJpZ8GKo=
  
  react-button@^1.2.1:
    version "1.2.1"
    resolved "https://registry.yarnpkg.com/react-button/-/react-button-1.2.1.tgz#c431d15b3b85e450caed69b006587de83b699682"
    integrity sha1-xDHRWzuF5FDK7WmwBlh96DtploI=
    dependencies:
      object-assign "^2.0.0"
      react-style-normalizer "^1.1.5"
  
  react-style-normalizer@^1.1.5:
    version "1.2.8"
    resolved "https://registry.yarnpkg.com/react-style-normalizer/-/react-style-normalizer-1.2.8.tgz#7e84b3d25cea6225545c5af68963b225885344a2"
    integrity sha1-foSz0lzqYiVUXFr2iWOyJYhTRKI=
  
  regenerator-runtime@^0.13.4:
    version "0.13.9"
    resolved "https://registry.yarnpkg.com/regenerator-runtime/-/regenerator-runtime-0.13.9.tgz#8925742a98ffd90814988d7566ad30ca3b263b52"
    integrity sha512-p3VT+cOEgxFsRRA9X4lkI1E+k2/CtnKtU4gcxyaCUreilL/vqI6CdZ3wxVUx3UOUg+gnUOQQcRI7BmSI656MYA==
